{
  "RSpec": {
    "coverage": {
      "/Users/angelinagargano/Desktop/SaaS/esaasfinal/app/models/event.rb": {
        "lines": [
          1,
          null,
          null
        ]
      },
      "/Users/angelinagargano/Desktop/SaaS/esaasfinal/app/controllers/performances_controller.rb": {
        "lines": [
          1,
          null,
          1,
          0,
          0,
          null,
          null,
          1,
          12,
          null,
          null,
          12,
          null,
          null,
          12,
          null,
          null,
          12,
          0,
          null,
          null,
          null,
          12,
          null,
          0,
          null,
          null,
          null,
          12,
          0,
          0,
          0,
          null,
          0,
          null,
          0,
          null,
          0,
          null,
          0,
          null,
          null,
          null,
          null,
          null,
          null,
          12,
          null,
          null,
          12,
          0,
          0,
          0,
          12,
          0,
          0,
          null,
          null,
          null,
          null,
          1,
          null,
          null,
          1,
          3,
          3,
          null,
          null,
          1,
          null,
          null,
          1,
          0,
          0,
          0,
          null,
          0,
          null,
          null,
          null,
          1,
          0,
          null,
          null
        ]
      },
      "/Users/angelinagargano/Desktop/SaaS/esaasfinal/app/controllers/application_controller.rb": {
        "lines": [
          1,
          null,
          null,
          1,
          null
        ]
      },
      "/Users/angelinagargano/Desktop/SaaS/esaasfinal/app/controllers/preferences_controller.rb": {
        "lines": [
          1,
          1,
          null,
          null,
          9,
          null,
          null,
          null,
          null,
          null,
          null,
          null,
          9,
          null,
          null,
          null,
          null,
          null,
          null,
          9,
          null,
          null,
          null,
          null,
          null,
          null,
          null,
          null,
          9,
          null,
          null,
          1,
          null,
          1,
          null,
          null,
          null,
          null,
          null,
          null,
          null,
          1,
          null,
          4,
          null,
          1,
          null,
          1,
          1,
          null,
          null,
          null,
          null,
          null,
          null,
          0,
          0,
          0,
          null,
          null,
          null,
          null,
          0,
          0,
          0,
          null,
          null,
          1,
          0,
          0,
          0,
          null,
          null
        ]
      },
      "/Users/angelinagargano/Desktop/SaaS/esaasfinal/app/helpers/application_helper.rb": {
        "lines": [
          0,
          0
        ],
        "branches": {
        }
      },
      "/Users/angelinagargano/Desktop/SaaS/esaasfinal/app/helpers/movies_helper.rb": {
        "lines": [
          0,
          null,
          0,
          0,
          0,
          0
        ],
        "branches": {
        }
      }
    },
    "timestamp": 1761770194
  }
}
